2025-07-28T21:28:26.292+05:30  INFO 10880 --- [11_Backend] [main] lk.ijse.gdse.o11_backend.Application     : Starting Application using Java 21.0.5 with PID 10880 (C:\Users\User\OneDrive\Documents\AAD\SPRING\Spring Framework\11_Backend\target\classes started by User in C:\Users\User\OneDrive\Documents\AAD\SPRING\Spring Framework)
2025-07-28T21:28:26.296+05:30  INFO 10880 --- [11_Backend] [main] lk.ijse.gdse.o11_backend.Application     : No active profile set, falling back to 1 default profile: "default"
2025-07-28T21:28:27.157+05:30  INFO 10880 --- [11_Backend] [main] .s.d.r.c.RepositoryConfigurationDelegate : Bootstrapping Spring Data JPA repositories in DEFAULT mode.
2025-07-28T21:28:27.207+05:30  INFO 10880 --- [11_Backend] [main] .s.d.r.c.RepositoryConfigurationDelegate : Finished Spring Data repository scanning in 40 ms. Found 1 JPA repository interface.
2025-07-28T21:28:27.591+05:30  INFO 10880 --- [11_Backend] [main] o.s.b.w.embedded.tomcat.TomcatWebServer  : Tomcat initialized with port 8080 (http)
2025-07-28T21:28:27.602+05:30  INFO 10880 --- [11_Backend] [main] o.apache.catalina.core.StandardService   : Starting service [Tomcat]
2025-07-28T21:28:27.602+05:30  INFO 10880 --- [11_Backend] [main] o.apache.catalina.core.StandardEngine    : Starting Servlet engine: [Apache Tomcat/10.1.42]
2025-07-28T21:28:27.639+05:30  INFO 10880 --- [11_Backend] [main] o.a.c.c.C.[Tomcat].[localhost].[/]       : Initializing Spring embedded WebApplicationContext
2025-07-28T21:28:27.640+05:30  INFO 10880 --- [11_Backend] [main] w.s.c.ServletWebServerApplicationContext : Root WebApplicationContext: initialization completed in 1304 ms
2025-07-28T21:28:27.759+05:30  INFO 10880 --- [11_Backend] [main] o.hibernate.jpa.internal.util.LogHelper  : HHH000204: Processing PersistenceUnitInfo [name: default]
2025-07-28T21:28:27.848+05:30  INFO 10880 --- [11_Backend] [main] org.hibernate.Version                    : HHH000412: Hibernate ORM core version 6.6.18.Final
2025-07-28T21:28:27.890+05:30  INFO 10880 --- [11_Backend] [main] o.h.c.internal.RegionFactoryInitiator    : HHH000026: Second-level cache disabled
2025-07-28T21:28:28.122+05:30  INFO 10880 --- [11_Backend] [main] o.s.o.j.p.SpringPersistenceUnitInfo      : No LoadTimeWeaver setup: ignoring JPA class transformer
2025-07-28T21:28:28.144+05:30  INFO 10880 --- [11_Backend] [main] com.zaxxer.hikari.HikariDataSource       : HikariPool-1 - Starting...
2025-07-28T21:28:28.533+05:30  INFO 10880 --- [11_Backend] [main] com.zaxxer.hikari.pool.HikariPool        : HikariPool-1 - Added connection com.mysql.cj.jdbc.ConnectionImpl@4b50c21
2025-07-28T21:28:28.535+05:30  INFO 10880 --- [11_Backend] [main] com.zaxxer.hikari.HikariDataSource       : HikariPool-1 - Start completed.
2025-07-28T21:28:28.590+05:30  WARN 10880 --- [11_Backend] [main] org.hibernate.orm.deprecation            : HHH90000025: MySQLDialect does not need to be specified explicitly using 'hibernate.dialect' (remove the property setting and it will be selected by default)
2025-07-28T21:28:28.605+05:30  INFO 10880 --- [11_Backend] [main] org.hibernate.orm.connections.pooling    : HHH10001005: Database info:
	Database JDBC URL [Connecting through datasource 'HikariDataSource (HikariPool-1)']
	Database driver: undefined/unknown
	Database version: 8.0.40
	Autocommit mode: undefined/unknown
	Isolation level: undefined/unknown
	Minimum pool size: undefined/unknown
	Maximum pool size: undefined/unknown
2025-07-28T21:28:29.295+05:30  INFO 10880 --- [11_Backend] [main] o.h.e.t.j.p.i.JtaPlatformInitiator       : HHH000489: No JTA platform available (set 'hibernate.transaction.jta.platform' to enable JTA platform integration)
2025-07-28T21:28:29.351+05:30  INFO 10880 --- [11_Backend] [main] j.LocalContainerEntityManagerFactoryBean : Initialized JPA EntityManagerFactory for persistence unit 'default'
2025-07-28T21:28:29.628+05:30  INFO 10880 --- [11_Backend] [main] o.s.d.j.r.query.QueryEnhancerFactory     : Hibernate is in classpath; If applicable, HQL parser will be used.
2025-07-28T21:28:29.748+05:30  WARN 10880 --- [11_Backend] [main] JpaBaseConfiguration$JpaWebConfiguration : spring.jpa.open-in-view is enabled by default. Therefore, database queries may be performed during view rendering. Explicitly configure spring.jpa.open-in-view to disable this warning
2025-07-28T21:28:30.097+05:30  INFO 10880 --- [11_Backend] [main] o.s.b.w.embedded.tomcat.TomcatWebServer  : Tomcat started on port 8080 (http) with context path '/'
2025-07-28T21:28:30.103+05:30  INFO 10880 --- [11_Backend] [main] lk.ijse.gdse.o11_backend.Application     : Started Application in 4.193 seconds (process running for 11.256)
2025-07-28T21:28:50.469+05:30  INFO 10880 --- [11_Backend] [http-nio-8080-exec-1] o.a.c.c.C.[Tomcat].[localhost].[/]       : Initializing Spring DispatcherServlet 'dispatcherServlet'
2025-07-28T21:28:50.469+05:30  INFO 10880 --- [11_Backend] [http-nio-8080-exec-1] o.s.web.servlet.DispatcherServlet        : Initializing Servlet 'dispatcherServlet'
2025-07-28T21:28:50.469+05:30  INFO 10880 --- [11_Backend] [http-nio-8080-exec-1] o.s.web.servlet.DispatcherServlet        : Completed initialization in 0 ms
2025-07-28T21:29:08.672+05:30  WARN 10880 --- [11_Backend] [http-nio-8080-exec-3] ration$PageModule$WarningLoggingModifier : Serializing PageImpl instances as-is is not supported, meaning that there is no guarantee about the stability of the resulting JSON structure!
	For a stable JSON structure, please use Spring Data's PagedModel (globally via @EnableSpringDataWebSupport(pageSerializationMode = VIA_DTO))
	or Spring HATEOAS and Spring Data's PagedResourcesAssembler as documented in https://docs.spring.io/spring-data/commons/reference/repositories/core-extensions.html#core.web.pageables.

2025-07-28T21:29:33.142+05:30  INFO 10880 --- [11_Backend] [SpringApplicationShutdownHook] o.s.b.w.e.tomcat.GracefulShutdown        : Commencing graceful shutdown. Waiting for active requests to complete
2025-07-28T21:29:33.154+05:30  INFO 10880 --- [11_Backend] [tomcat-shutdown] o.s.b.w.e.tomcat.GracefulShutdown        : Graceful shutdown complete
2025-07-28T21:29:33.160+05:30  INFO 10880 --- [11_Backend] [SpringApplicationShutdownHook] j.LocalContainerEntityManagerFactoryBean : Closing JPA EntityManagerFactory for persistence unit 'default'
2025-07-28T21:29:33.164+05:30  INFO 10880 --- [11_Backend] [SpringApplicationShutdownHook] com.zaxxer.hikari.HikariDataSource       : HikariPool-1 - Shutdown initiated...
2025-07-28T21:29:33.174+05:30  INFO 10880 --- [11_Backend] [SpringApplicationShutdownHook] com.zaxxer.hikari.HikariDataSource       : HikariPool-1 - Shutdown completed.
